<?xml version="1.0" encoding="UTF-8"?>
<coverage generated="1660652786775" clover="3.2.0">
  <project timestamp="1660652786776" name="All files">
    <metrics statements="74" coveredstatements="69" conditionals="5" coveredconditionals="5" methods="14" coveredmethods="13" elements="93" coveredelements="87" complexity="0" loc="74" ncloc="74" packages="4" files="4" classes="4"/>
    <package name="valr-fee">
      <metrics statements="14" coveredstatements="14" conditionals="0" coveredconditionals="0" methods="1" coveredmethods="1"/>
      <file name="app.ts" path="/Users/tnk/test/valr-fee/app.ts">
        <metrics statements="14" coveredstatements="14" conditionals="0" coveredconditionals="0" methods="1" coveredmethods="1"/>
        <line num="1" count="1" type="stmt"/>
        <line num="2" count="1" type="stmt"/>
        <line num="3" count="1" type="stmt"/>
        <line num="4" count="1" type="stmt"/>
        <line num="6" count="1" type="stmt"/>
        <line num="8" count="1" type="stmt"/>
        <line num="9" count="1" type="stmt"/>
        <line num="11" count="1" type="stmt"/>
        <line num="13" count="1" type="stmt"/>
        <line num="18" count="1" type="stmt"/>
        <line num="20" count="1" type="stmt"/>
        <line num="21" count="1" type="stmt"/>
        <line num="23" count="1" type="stmt"/>
        <line num="24" count="1" type="stmt"/>
      </file>
    </package>
    <package name="valr-fee.src.controllers">
      <metrics statements="5" coveredstatements="5" conditionals="2" coveredconditionals="2" methods="1" coveredmethods="1"/>
      <file name="controller.ts" path="/Users/tnk/test/valr-fee/src/controllers/controller.ts">
        <metrics statements="5" coveredstatements="5" conditionals="2" coveredconditionals="2" methods="1" coveredmethods="1"/>
        <line num="2" count="1" type="stmt"/>
        <line num="3" count="1" type="stmt"/>
        <line num="4" count="2" type="cond" truecount="2" falsecount="0"/>
        <line num="5" count="2" type="stmt"/>
        <line num="6" count="2" type="stmt"/>
      </file>
    </package>
    <package name="valr-fee.src.router">
      <metrics statements="4" coveredstatements="4" conditionals="0" coveredconditionals="0" methods="0" coveredmethods="0"/>
      <file name="router.ts" path="/Users/tnk/test/valr-fee/src/router/router.ts">
        <metrics statements="4" coveredstatements="4" conditionals="0" coveredconditionals="0" methods="0" coveredmethods="0"/>
        <line num="1" count="1" type="stmt"/>
        <line num="2" count="1" type="stmt"/>
        <line num="4" count="1" type="stmt"/>
        <line num="7" count="1" type="stmt"/>
      </file>
    </package>
    <package name="valr-fee.src.services">
      <metrics statements="51" coveredstatements="46" conditionals="3" coveredconditionals="3" methods="12" coveredmethods="11"/>
      <file name="web3.service.ts" path="/Users/tnk/test/valr-fee/src/services/web3.service.ts">
        <metrics statements="51" coveredstatements="46" conditionals="3" coveredconditionals="3" methods="12" coveredmethods="11"/>
        <line num="2" count="1" type="stmt"/>
        <line num="4" count="1" type="stmt"/>
        <line num="7" count="2" type="stmt"/>
        <line num="8" count="2" type="stmt"/>
        <line num="10" count="0" type="stmt"/>
        <line num="14" count="2" type="stmt"/>
        <line num="15" count="4" type="stmt"/>
        <line num="16" count="4" type="stmt"/>
        <line num="18" count="1821" type="stmt"/>
        <line num="24" count="0" type="stmt"/>
        <line num="27" count="2" type="stmt"/>
        <line num="28" count="4" type="stmt"/>
        <line num="29" count="4" type="stmt"/>
        <line num="30" count="4" type="stmt"/>
        <line num="31" count="4" type="stmt"/>
        <line num="32" count="39" type="stmt"/>
        <line num="34" count="4" type="stmt"/>
        <line num="36" count="1821" type="stmt"/>
        <line num="37" count="1821" type="stmt"/>
        <line num="40" count="4" type="stmt"/>
        <line num="42" count="0" type="stmt"/>
        <line num="45" count="2" type="stmt"/>
        <line num="46" count="2" type="stmt"/>
        <line num="49" count="2" type="stmt"/>
        <line num="50" count="4" type="stmt"/>
        <line num="51" count="4" type="stmt"/>
        <line num="52" count="4" type="stmt"/>
        <line num="54" count="4" type="stmt"/>
        <line num="55" count="39" type="stmt"/>
        <line num="61" count="4" type="stmt"/>
        <line num="63" count="0" type="stmt"/>
        <line num="67" count="2" type="stmt"/>
        <line num="68" count="2" type="stmt"/>
        <line num="69" count="2" type="stmt"/>
        <line num="70" count="2" type="stmt"/>
        <line num="73" count="2" type="stmt"/>
        <line num="76" count="4" type="stmt"/>
        <line num="77" count="4" type="cond" truecount="1" falsecount="0"/>
        <line num="78" count="2" type="stmt"/>
        <line num="79" count="2" type="cond" truecount="2" falsecount="0"/>
        <line num="80" count="1" type="stmt"/>
        <line num="84" count="1" type="stmt"/>
        <line num="85" count="1" type="stmt"/>
        <line num="89" count="1" type="stmt"/>
        <line num="90" count="1" type="stmt"/>
        <line num="91" count="1" type="stmt"/>
        <line num="92" count="1" type="stmt"/>
        <line num="105" count="1" type="stmt"/>
        <line num="109" count="1" type="stmt"/>
        <line num="110" count="1" type="stmt"/>
        <line num="125" count="0" type="stmt"/>
      </file>
    </package>
  </project>
</coverage>
