{"/Users/tnk/test/valr-fee/app.ts": {"path":"/Users/tnk/test/valr-fee/app.ts","statementMap":{"0":{"start":{"line":1,"column":0},"end":{"line":1,"column":62}},"1":{"start":{"line":2,"column":0},"end":{"line":2,"column":28}},"2":{"start":{"line":3,"column":0},"end":{"line":3,"column":45}},"3":{"start":{"line":4,"column":0},"end":{"line":4,"column":24}},"4":{"start":{"line":6,"column":0},"end":{"line":6,"column":16}},"5":{"start":{"line":8,"column":13},"end":{"line":8,"column":38}},"6":{"start":{"line":9,"column":13},"end":{"line":9,"column":30}},"7":{"start":{"line":11,"column":32},"end":{"line":11,"column":37}},"8":{"start":{"line":13,"column":34},"end":{"line":15,"column":2}},"9":{"start":{"line":18,"column":0},"end":{"line":18,"column":23}},"10":{"start":{"line":20,"column":0},"end":{"line":20,"column":24}},"11":{"start":{"line":21,"column":0},"end":{"line":21,"column":24}},"12":{"start":{"line":23,"column":0},"end":{"line":25,"column":3}},"13":{"start":{"line":24,"column":2},"end":{"line":24,"column":76}}},"fnMap":{"0":{"name":"(anonymous_1)","decl":{"start":{"line":23,"column":18},"end":{"line":23,"column":21}},"loc":{"start":{"line":23,"column":23},"end":{"line":25,"column":1}}}},"branchMap":{},"s":{"0":1,"1":1,"2":1,"3":1,"4":1,"5":1,"6":1,"7":1,"8":1,"9":1,"10":1,"11":1,"12":1,"13":1},"f":{"0":1},"b":{}}
,"/Users/tnk/test/valr-fee/src/controllers/controller.ts": {"path":"/Users/tnk/test/valr-fee/src/controllers/controller.ts","statementMap":{"0":{"start":{"line":2,"column":0},"end":{"line":2,"column":55}},"1":{"start":{"line":3,"column":41},"end":{"line":10,"column":1}},"2":{"start":{"line":7,"column":15},"end":{"line":7,"column":37}},"3":{"start":{"line":8,"column":2},"end":{"line":8,"column":86}},"4":{"start":{"line":9,"column":2},"end":{"line":9,"column":13}},"5":{"start":{"line":3,"column":13},"end":{"line":3,"column":41}}},"fnMap":{"0":{"name":"(anonymous_0)","decl":{"start":{"line":3,"column":41},"end":{"line":3,"column":46}},"loc":{"start":{"line":6,"column":4},"end":{"line":10,"column":1}}}},"branchMap":{"0":{"loc":{"start":{"line":7,"column":15},"end":{"line":7,"column":37}},"type":"binary-expr","locations":[{"start":{"line":7,"column":15},"end":{"line":7,"column":32}},{"start":{"line":7,"column":36},"end":{"line":7,"column":37}}]}},"s":{"0":1,"1":1,"2":3,"3":3,"4":3,"5":1},"f":{"0":3},"b":{"0":[3,1]}}
,"/Users/tnk/test/valr-fee/src/router/router.ts": {"path":"/Users/tnk/test/valr-fee/src/router/router.ts","statementMap":{"0":{"start":{"line":1,"column":0},"end":{"line":1,"column":42}},"1":{"start":{"line":2,"column":0},"end":{"line":2,"column":69}},"2":{"start":{"line":4,"column":13},"end":{"line":4,"column":47}},"3":{"start":{"line":7,"column":0},"end":{"line":7,"column":null}}},"fnMap":{},"branchMap":{},"s":{"0":1,"1":1,"2":1,"3":1},"f":{},"b":{}}
,"/Users/tnk/test/valr-fee/src/services/web3.service.ts": {"path":"/Users/tnk/test/valr-fee/src/services/web3.service.ts","statementMap":{"0":{"start":{"line":2,"column":0},"end":{"line":2,"column":24}},"1":{"start":{"line":16,"column":10},"end":{"line":28,"column":4}},"2":{"start":{"line":17,"column":4},"end":{"line":27,"column":null}},"3":{"start":{"line":18,"column":6},"end":{"line":24,"column":8}},"4":{"start":{"line":20,"column":10},"end":{"line":20,"column":67}},"5":{"start":{"line":26,"column":6},"end":{"line":26,"column":18}},"6":{"start":{"line":29,"column":10},"end":{"line":58,"column":4}},"7":{"start":{"line":30,"column":4},"end":{"line":57,"column":null}},"8":{"start":{"line":31,"column":20},"end":{"line":31,"column":50}},"9":{"start":{"line":32,"column":16},"end":{"line":32,"column":20}},"10":{"start":{"line":33,"column":18},"end":{"line":33,"column":34}},"11":{"start":{"line":34,"column":18},"end":{"line":34,"column":19}},"12":{"start":{"line":35,"column":24},"end":{"line":35,"column":26}},"13":{"start":{"line":36,"column":4},"end":{"line":52,"column":7}},"14":{"start":{"line":37,"column":6},"end":{"line":49,"column":9}},"15":{"start":{"line":38,"column":8},"end":{"line":48,"column":10}},"16":{"start":{"line":40,"column":12},"end":{"line":40,"column":44}},"17":{"start":{"line":40,"column":23},"end":{"line":40,"column":44}},"18":{"start":{"line":41,"column":12},"end":{"line":41,"column":22}},"19":{"start":{"line":42,"column":12},"end":{"line":44,"column":16}},"20":{"start":{"line":43,"column":14},"end":{"line":43,"column":null}},"21":{"start":{"line":46,"column":12},"end":{"line":46,"column":45}},"22":{"start":{"line":46,"column":35},"end":{"line":46,"column":45}},"23":{"start":{"line":51,"column":6},"end":{"line":51,"column":22}},"24":{"start":{"line":54,"column":4},"end":{"line":54,"column":18}},"25":{"start":{"line":56,"column":6},"end":{"line":56,"column":null}},"26":{"start":{"line":59,"column":10},"end":{"line":61,"column":4}},"27":{"start":{"line":60,"column":4},"end":{"line":60,"column":43}},"28":{"start":{"line":63,"column":2},"end":{"line":69,"column":null}},"29":{"start":{"line":64,"column":17},"end":{"line":64,"column":19}},"30":{"start":{"line":65,"column":4},"end":{"line":67,"column":null}},"31":{"start":{"line":65,"column":21},"end":{"line":65,"column":22}},"32":{"start":{"line":66,"column":6},"end":{"line":66,"column":null}},"33":{"start":{"line":68,"column":4},"end":{"line":68,"column":18}},"34":{"start":{"line":71,"column":2},"end":{"line":105,"column":4}},"35":{"start":{"line":72,"column":4},"end":{"line":76,"column":null}},"36":{"start":{"line":73,"column":6},"end":{"line":75,"column":null}},"37":{"start":{"line":77,"column":21},"end":{"line":77,"column":23}},"38":{"start":{"line":78,"column":4},"end":{"line":104,"column":null}},"39":{"start":{"line":79,"column":6},"end":{"line":88,"column":9}},"40":{"start":{"line":80,"column":8},"end":{"line":87,"column":11}},"41":{"start":{"line":81,"column":48},"end":{"line":81,"column":52}},"42":{"start":{"line":82,"column":10},"end":{"line":86,"column":13}},"43":{"start":{"line":89,"column":6},"end":{"line":89,"column":35}},"44":{"start":{"line":90,"column":6},"end":{"line":90,"column":51}},"45":{"start":{"line":91,"column":22},"end":{"line":91,"column":94}},"46":{"start":{"line":92,"column":25},"end":{"line":92,"column":72}},"47":{"start":{"line":93,"column":6},"end":{"line":99,"column":9}},"48":{"start":{"line":101,"column":6},"end":{"line":103,"column":9}},"49":{"start":{"line":8,"column":4},"end":{"line":13,"column":null}},"50":{"start":{"line":9,"column":6},"end":{"line":9,"column":65}},"51":{"start":{"line":10,"column":6},"end":{"line":10,"column":60}},"52":{"start":{"line":12,"column":6},"end":{"line":12,"column":18}},"53":{"start":{"line":4,"column":0},"end":{"line":4,"column":13}}},"fnMap":{"0":{"name":"(anonymous_1)","decl":{"start":{"line":7,"column":2},"end":{"line":7,"column":null}},"loc":{"start":{"line":7,"column":2},"end":{"line":14,"column":3}}},"1":{"name":"(anonymous_2)","decl":{"start":{"line":16,"column":35},"end":{"line":16,"column":36}},"loc":{"start":{"line":16,"column":49},"end":{"line":28,"column":3}}},"2":{"name":"(anonymous_3)","decl":{"start":{"line":19,"column":18},"end":{"line":19,"column":19}},"loc":{"start":{"line":19,"column":50},"end":{"line":21,"column":9}}},"3":{"name":"(anonymous_4)","decl":{"start":{"line":29,"column":38},"end":{"line":29,"column":43}},"loc":{"start":{"line":29,"column":65},"end":{"line":58,"column":3}}},"4":{"name":"(anonymous_5)","decl":{"start":{"line":36,"column":28},"end":{"line":36,"column":38}},"loc":{"start":{"line":36,"column":53},"end":{"line":52,"column":5}}},"5":{"name":"(anonymous_6)","decl":{"start":{"line":37,"column":24},"end":{"line":37,"column":25}},"loc":{"start":{"line":37,"column":31},"end":{"line":49,"column":7}}},"6":{"name":"(anonymous_7)","decl":{"start":{"line":39,"column":62},"end":{"line":39,"column":63}},"loc":{"start":{"line":39,"column":86},"end":{"line":47,"column":11}}},"7":{"name":"(anonymous_8)","decl":{"start":{"line":42,"column":75},"end":{"line":42,"column":79}},"loc":{"start":{"line":42,"column":81},"end":{"line":44,"column":13}}},"8":{"name":"(anonymous_9)","decl":{"start":{"line":59,"column":34},"end":{"line":59,"column":37}},"loc":{"start":{"line":59,"column":39},"end":{"line":61,"column":3}}},"9":{"name":"(anonymous_10)","decl":{"start":{"line":63,"column":19},"end":{"line":63,"column":20}},"loc":{"start":{"line":63,"column":48},"end":{"line":69,"column":3}}},"10":{"name":"(anonymous_11)","decl":{"start":{"line":71,"column":30},"end":{"line":71,"column":35}},"loc":{"start":{"line":71,"column":70},"end":{"line":105,"column":3}}},"11":{"name":"(anonymous_12)","decl":{"start":{"line":79,"column":32},"end":{"line":79,"column":33}},"loc":{"start":{"line":79,"column":52},"end":{"line":88,"column":7}}},"12":{"name":"(anonymous_13)","decl":{"start":{"line":80,"column":57},"end":{"line":80,"column":58}},"loc":{"start":{"line":80,"column":79},"end":{"line":87,"column":9}}}},"branchMap":{"0":{"loc":{"start":{"line":40,"column":12},"end":{"line":40,"column":44}},"type":"if","locations":[{"start":{"line":40,"column":12},"end":{"line":40,"column":44}}]},"1":{"loc":{"start":{"line":46,"column":12},"end":{"line":46,"column":45}},"type":"if","locations":[{"start":{"line":46,"column":12},"end":{"line":46,"column":45}}]},"2":{"loc":{"start":{"line":72,"column":4},"end":{"line":76,"column":null}},"type":"if","locations":[{"start":{"line":72,"column":4},"end":{"line":76,"column":null}}]},"3":{"loc":{"start":{"line":91,"column":22},"end":{"line":91,"column":94}},"type":"cond-expr","locations":[{"start":{"line":91,"column":36},"end":{"line":91,"column":50}},{"start":{"line":91,"column":51},"end":{"line":91,"column":94}}]}},"s":{"0":1,"1":3,"2":3,"3":3,"4":2098,"5":0,"6":3,"7":3,"8":3,"9":3,"10":3,"11":3,"12":3,"13":3,"14":3,"15":36,"16":36,"17":0,"18":36,"19":36,"20":7761,"21":36,"22":3,"23":3,"24":3,"25":0,"26":3,"27":3,"28":3,"29":2,"30":2,"31":2,"32":35,"33":2,"34":3,"35":3,"36":0,"37":3,"38":3,"39":3,"40":3,"41":14,"42":14,"43":3,"44":3,"45":3,"46":3,"47":3,"48":0,"49":3,"50":3,"51":3,"52":0,"53":1},"f":{"0":3,"1":3,"2":2098,"3":3,"4":3,"5":36,"6":36,"7":7761,"8":3,"9":2,"10":3,"11":3,"12":14},"b":{"0":[0],"1":[3],"2":[0],"3":[1,2]}}
}
