{"/Users/tnk/test/valr-fee/app.ts": {"path":"/Users/tnk/test/valr-fee/app.ts","statementMap":{"0":{"start":{"line":1,"column":0},"end":{"line":1,"column":62}},"1":{"start":{"line":2,"column":0},"end":{"line":2,"column":28}},"2":{"start":{"line":3,"column":0},"end":{"line":3,"column":45}},"3":{"start":{"line":4,"column":0},"end":{"line":4,"column":24}},"4":{"start":{"line":6,"column":0},"end":{"line":6,"column":16}},"5":{"start":{"line":8,"column":13},"end":{"line":8,"column":38}},"6":{"start":{"line":9,"column":13},"end":{"line":9,"column":30}},"7":{"start":{"line":11,"column":32},"end":{"line":11,"column":37}},"8":{"start":{"line":13,"column":34},"end":{"line":15,"column":2}},"9":{"start":{"line":18,"column":0},"end":{"line":18,"column":23}},"10":{"start":{"line":20,"column":0},"end":{"line":20,"column":24}},"11":{"start":{"line":21,"column":0},"end":{"line":21,"column":24}},"12":{"start":{"line":23,"column":0},"end":{"line":25,"column":3}},"13":{"start":{"line":24,"column":2},"end":{"line":24,"column":76}}},"fnMap":{"0":{"name":"(anonymous_1)","decl":{"start":{"line":23,"column":18},"end":{"line":23,"column":21}},"loc":{"start":{"line":23,"column":23},"end":{"line":25,"column":1}}}},"branchMap":{},"s":{"0":1,"1":1,"2":1,"3":1,"4":1,"5":1,"6":1,"7":1,"8":1,"9":1,"10":1,"11":1,"12":1,"13":1},"f":{"0":1},"b":{}}
,"/Users/tnk/test/valr-fee/src/controllers/controller.ts": {"path":"/Users/tnk/test/valr-fee/src/controllers/controller.ts","statementMap":{"0":{"start":{"line":2,"column":0},"end":{"line":2,"column":55}},"1":{"start":{"line":3,"column":41},"end":{"line":7,"column":1}},"2":{"start":{"line":4,"column":17},"end":{"line":4,"column":53}},"3":{"start":{"line":5,"column":2},"end":{"line":5,"column":null}},"4":{"start":{"line":6,"column":2},"end":{"line":6,"column":null}},"5":{"start":{"line":3,"column":13},"end":{"line":3,"column":41}}},"fnMap":{"0":{"name":"(anonymous_0)","decl":{"start":{"line":3,"column":41},"end":{"line":3,"column":46}},"loc":{"start":{"line":3,"column":79},"end":{"line":7,"column":1}}}},"branchMap":{"0":{"loc":{"start":{"line":4,"column":17},"end":{"line":4,"column":53}},"type":"binary-expr","locations":[{"start":{"line":4,"column":17},"end":{"line":4,"column":44}},{"start":{"line":4,"column":48},"end":{"line":4,"column":53}}]}},"s":{"0":1,"1":1,"2":2,"3":2,"4":2,"5":1},"f":{"0":2},"b":{"0":[2,1]}}
,"/Users/tnk/test/valr-fee/src/router/router.ts": {"path":"/Users/tnk/test/valr-fee/src/router/router.ts","statementMap":{"0":{"start":{"line":1,"column":0},"end":{"line":1,"column":42}},"1":{"start":{"line":2,"column":0},"end":{"line":2,"column":69}},"2":{"start":{"line":4,"column":13},"end":{"line":4,"column":47}},"3":{"start":{"line":7,"column":0},"end":{"line":7,"column":null}}},"fnMap":{},"branchMap":{},"s":{"0":1,"1":1,"2":1,"3":1},"f":{},"b":{}}
,"/Users/tnk/test/valr-fee/src/services/web3.service.ts": {"path":"/Users/tnk/test/valr-fee/src/services/web3.service.ts","statementMap":{"0":{"start":{"line":2,"column":0},"end":{"line":2,"column":24}},"1":{"start":{"line":14,"column":10},"end":{"line":26,"column":4}},"2":{"start":{"line":15,"column":4},"end":{"line":25,"column":null}},"3":{"start":{"line":16,"column":6},"end":{"line":22,"column":8}},"4":{"start":{"line":18,"column":10},"end":{"line":18,"column":67}},"5":{"start":{"line":24,"column":6},"end":{"line":24,"column":null}},"6":{"start":{"line":27,"column":10},"end":{"line":44,"column":4}},"7":{"start":{"line":28,"column":4},"end":{"line":43,"column":null}},"8":{"start":{"line":29,"column":22},"end":{"line":29,"column":24}},"9":{"start":{"line":30,"column":25},"end":{"line":30,"column":27}},"10":{"start":{"line":31,"column":6},"end":{"line":33,"column":null}},"11":{"start":{"line":31,"column":23},"end":{"line":31,"column":24}},"12":{"start":{"line":32,"column":8},"end":{"line":32,"column":49}},"13":{"start":{"line":34,"column":6},"end":{"line":39,"column":8}},"14":{"start":{"line":36,"column":23},"end":{"line":36,"column":67}},"15":{"start":{"line":37,"column":10},"end":{"line":37,"column":26}},"16":{"start":{"line":40,"column":6},"end":{"line":40,"column":16}},"17":{"start":{"line":42,"column":6},"end":{"line":42,"column":18}},"18":{"start":{"line":45,"column":10},"end":{"line":47,"column":4}},"19":{"start":{"line":46,"column":4},"end":{"line":46,"column":62}},"20":{"start":{"line":49,"column":10},"end":{"line":65,"column":4}},"21":{"start":{"line":50,"column":4},"end":{"line":64,"column":null}},"22":{"start":{"line":51,"column":29},"end":{"line":51,"column":31}},"23":{"start":{"line":52,"column":6},"end":{"line":60,"column":9}},"24":{"start":{"line":54,"column":10},"end":{"line":58,"column":null}},"25":{"start":{"line":54,"column":27},"end":{"line":54,"column":28}},"26":{"start":{"line":55,"column":12},"end":{"line":57,"column":14}},"27":{"start":{"line":61,"column":6},"end":{"line":61,"column":23}},"28":{"start":{"line":63,"column":6},"end":{"line":63,"column":16}},"29":{"start":{"line":67,"column":2},"end":{"line":129,"column":4}},"30":{"start":{"line":68,"column":29},"end":{"line":68,"column":31}},"31":{"start":{"line":69,"column":4},"end":{"line":128,"column":null}},"32":{"start":{"line":70,"column":6},"end":{"line":123,"column":36}},"33":{"start":{"line":73,"column":10},"end":{"line":73,"column":38}},"34":{"start":{"line":76,"column":10},"end":{"line":76,"column":40}},"35":{"start":{"line":77,"column":10},"end":{"line":121,"column":null}},"36":{"start":{"line":78,"column":12},"end":{"line":78,"column":41}},"37":{"start":{"line":79,"column":12},"end":{"line":120,"column":null}},"38":{"start":{"line":80,"column":30},"end":{"line":82,"column":null}},"39":{"start":{"line":84,"column":26},"end":{"line":84,"column":79}},"40":{"start":{"line":85,"column":27},"end":{"line":87,"column":null}},"41":{"start":{"line":89,"column":24},"end":{"line":89,"column":71}},"42":{"start":{"line":90,"column":25},"end":{"line":90,"column":68}},"43":{"start":{"line":91,"column":26},"end":{"line":91,"column":70}},"44":{"start":{"line":92,"column":14},"end":{"line":103,"column":17}},"45":{"start":{"line":105,"column":30},"end":{"line":107,"column":null}},"46":{"start":{"line":109,"column":24},"end":{"line":109,"column":71}},"47":{"start":{"line":110,"column":14},"end":{"line":119,"column":17}},"48":{"start":{"line":125,"column":6},"end":{"line":127,"column":9}},"49":{"start":{"line":7,"column":4},"end":{"line":11,"column":null}},"50":{"start":{"line":8,"column":6},"end":{"line":8,"column":62}},"51":{"start":{"line":10,"column":6},"end":{"line":10,"column":18}},"52":{"start":{"line":4,"column":0},"end":{"line":4,"column":13}}},"fnMap":{"0":{"name":"(anonymous_1)","decl":{"start":{"line":6,"column":2},"end":{"line":6,"column":null}},"loc":{"start":{"line":6,"column":2},"end":{"line":12,"column":3}}},"1":{"name":"(anonymous_2)","decl":{"start":{"line":14,"column":35},"end":{"line":14,"column":36}},"loc":{"start":{"line":14,"column":49},"end":{"line":26,"column":3}}},"2":{"name":"(anonymous_3)","decl":{"start":{"line":17,"column":18},"end":{"line":17,"column":19}},"loc":{"start":{"line":17,"column":50},"end":{"line":19,"column":9}}},"3":{"name":"(anonymous_4)","decl":{"start":{"line":27,"column":38},"end":{"line":27,"column":43}},"loc":{"start":{"line":27,"column":63},"end":{"line":44,"column":3}}},"4":{"name":"(anonymous_5)","decl":{"start":{"line":35,"column":18},"end":{"line":35,"column":23}},"loc":{"start":{"line":35,"column":38},"end":{"line":38,"column":9}}},"5":{"name":"(anonymous_6)","decl":{"start":{"line":45,"column":34},"end":{"line":45,"column":37}},"loc":{"start":{"line":45,"column":39},"end":{"line":47,"column":3}}},"6":{"name":"(anonymous_7)","decl":{"start":{"line":46,"column":41},"end":{"line":46,"column":42}},"loc":{"start":{"line":46,"column":57},"end":{"line":46,"column":60}}},"7":{"name":"(anonymous_8)","decl":{"start":{"line":49,"column":29},"end":{"line":49,"column":34}},"loc":{"start":{"line":49,"column":70},"end":{"line":65,"column":3}}},"8":{"name":"(anonymous_9)","decl":{"start":{"line":53,"column":9},"end":{"line":53,"column":14}},"loc":{"start":{"line":53,"column":20},"end":{"line":59,"column":9}}},"9":{"name":"(anonymous_10)","decl":{"start":{"line":67,"column":30},"end":{"line":67,"column":35}},"loc":{"start":{"line":67,"column":71},"end":{"line":129,"column":3}}},"10":{"name":"(anonymous_11)","decl":{"start":{"line":72,"column":25},"end":{"line":72,"column":30}},"loc":{"start":{"line":72,"column":50},"end":{"line":74,"column":9}}},"11":{"name":"(anonymous_12)","decl":{"start":{"line":75,"column":20},"end":{"line":75,"column":25}},"loc":{"start":{"line":75,"column":56},"end":{"line":122,"column":9}}}},"branchMap":{"0":{"loc":{"start":{"line":77,"column":10},"end":{"line":121,"column":null}},"type":"if","locations":[{"start":{"line":77,"column":10},"end":{"line":121,"column":null}}]},"1":{"loc":{"start":{"line":79,"column":12},"end":{"line":120,"column":null}},"type":"if","locations":[{"start":{"line":79,"column":12},"end":{"line":120,"column":null}},{"start":{"line":104,"column":19},"end":{"line":120,"column":null}}]}},"s":{"0":1,"1":2,"2":4,"3":4,"4":13440,"5":0,"6":2,"7":4,"8":4,"9":4,"10":4,"11":4,"12":39,"13":4,"14":13440,"15":13440,"16":4,"17":0,"18":2,"19":2,"20":2,"21":4,"22":4,"23":4,"24":4,"25":4,"26":39,"27":4,"28":0,"29":2,"30":2,"31":2,"32":2,"33":2,"34":4,"35":4,"36":2,"37":2,"38":1,"39":1,"40":1,"41":1,"42":1,"43":1,"44":1,"45":1,"46":1,"47":1,"48":0,"49":2,"50":2,"51":0,"52":1},"f":{"0":2,"1":4,"2":13440,"3":4,"4":13440,"5":2,"6":0,"7":4,"8":4,"9":2,"10":2,"11":4},"b":{"0":[2],"1":[1,1]}}
}
