TN:
SF:app.ts
FN:23,(anonymous_1)
FNF:1
FNH:1
FNDA:1,(anonymous_1)
DA:1,1
DA:2,1
DA:3,1
DA:4,1
DA:6,1
DA:8,1
DA:9,1
DA:11,1
DA:13,1
DA:18,1
DA:20,1
DA:21,1
DA:23,1
DA:24,1
LF:14
LH:14
BRF:0
BRH:0
end_of_record
TN:
SF:src/controllers/controller.ts
FN:3,(anonymous_0)
FNF:1
FNH:1
FNDA:3,(anonymous_0)
DA:2,1
DA:3,1
DA:7,3
DA:8,3
DA:9,3
LF:5
LH:5
BRDA:7,0,0,3
BRDA:7,0,1,1
BRF:2
BRH:2
end_of_record
TN:
SF:src/router/router.ts
FNF:0
FNH:0
DA:1,1
DA:2,1
DA:4,1
DA:7,1
LF:4
LH:4
BRF:0
BRH:0
end_of_record
TN:
SF:src/services/web3.service.ts
FN:7,(anonymous_1)
FN:16,(anonymous_2)
FN:19,(anonymous_3)
FN:29,(anonymous_4)
FN:36,(anonymous_5)
FN:37,(anonymous_6)
FN:39,(anonymous_7)
FN:42,(anonymous_8)
FN:59,(anonymous_9)
FN:63,(anonymous_10)
FN:71,(anonymous_11)
FN:79,(anonymous_12)
FN:80,(anonymous_13)
FNF:13
FNH:13
FNDA:3,(anonymous_1)
FNDA:3,(anonymous_2)
FNDA:2098,(anonymous_3)
FNDA:3,(anonymous_4)
FNDA:3,(anonymous_5)
FNDA:36,(anonymous_6)
FNDA:36,(anonymous_7)
FNDA:7761,(anonymous_8)
FNDA:3,(anonymous_9)
FNDA:2,(anonymous_10)
FNDA:3,(anonymous_11)
FNDA:3,(anonymous_12)
FNDA:14,(anonymous_13)
DA:2,1
DA:4,1
DA:8,3
DA:9,3
DA:10,3
DA:12,0
DA:16,3
DA:17,3
DA:18,3
DA:20,2098
DA:26,0
DA:29,3
DA:30,3
DA:31,3
DA:32,3
DA:33,3
DA:34,3
DA:35,3
DA:36,3
DA:37,3
DA:38,36
DA:40,36
DA:41,36
DA:42,36
DA:43,7761
DA:46,36
DA:51,3
DA:54,3
DA:56,0
DA:59,3
DA:60,3
DA:63,3
DA:64,2
DA:65,2
DA:66,35
DA:68,2
DA:71,3
DA:72,3
DA:73,0
DA:77,3
DA:78,3
DA:79,3
DA:80,3
DA:81,14
DA:82,14
DA:89,3
DA:90,3
DA:91,3
DA:92,3
DA:93,3
DA:101,0
LF:51
LH:46
BRDA:40,0,0,0
BRDA:46,1,0,3
BRDA:72,2,0,0
BRDA:91,3,0,1
BRDA:91,3,1,2
BRF:5
BRH:3
end_of_record
