TN:
SF:app.ts
FN:23,(anonymous_1)
FNF:1
FNH:1
FNDA:1,(anonymous_1)
DA:1,1
DA:2,1
DA:3,1
DA:4,1
DA:6,1
DA:8,1
DA:9,1
DA:11,1
DA:13,1
DA:18,1
DA:20,1
DA:21,1
DA:23,1
DA:24,1
LF:14
LH:14
BRF:0
BRH:0
end_of_record
TN:
SF:src/controllers/controller.ts
FN:3,(anonymous_0)
FNF:1
FNH:1
FNDA:2,(anonymous_0)
DA:2,1
DA:3,1
DA:4,2
DA:5,2
DA:6,2
LF:5
LH:5
BRDA:4,0,0,2
BRDA:4,0,1,1
BRF:2
BRH:2
end_of_record
TN:
SF:src/router/router.ts
FNF:0
FNH:0
DA:1,1
DA:2,1
DA:4,1
DA:7,1
LF:4
LH:4
BRF:0
BRH:0
end_of_record
TN:
SF:src/services/web3.service.ts
FN:6,(anonymous_1)
FN:14,(anonymous_2)
FN:17,(anonymous_3)
FN:27,(anonymous_4)
FN:35,(anonymous_5)
FN:45,(anonymous_6)
FN:46,(anonymous_7)
FN:49,(anonymous_8)
FN:53,(anonymous_9)
FN:67,(anonymous_10)
FN:72,(anonymous_11)
FN:75,(anonymous_12)
FNF:12
FNH:11
FNDA:2,(anonymous_1)
FNDA:4,(anonymous_2)
FNDA:13440,(anonymous_3)
FNDA:4,(anonymous_4)
FNDA:13440,(anonymous_5)
FNDA:2,(anonymous_6)
FNDA:0,(anonymous_7)
FNDA:4,(anonymous_8)
FNDA:4,(anonymous_9)
FNDA:2,(anonymous_10)
FNDA:2,(anonymous_11)
FNDA:4,(anonymous_12)
DA:2,1
DA:4,1
DA:7,2
DA:8,2
DA:10,0
DA:14,2
DA:15,4
DA:16,4
DA:18,13440
DA:24,0
DA:27,2
DA:28,4
DA:29,4
DA:30,4
DA:31,4
DA:32,39
DA:34,4
DA:36,13440
DA:37,13440
DA:40,4
DA:42,0
DA:45,2
DA:46,2
DA:49,2
DA:50,4
DA:51,4
DA:52,4
DA:54,4
DA:55,39
DA:61,4
DA:63,0
DA:67,2
DA:68,2
DA:69,2
DA:70,2
DA:73,2
DA:76,4
DA:77,4
DA:78,2
DA:79,2
DA:80,1
DA:84,1
DA:85,1
DA:89,1
DA:90,1
DA:91,1
DA:92,1
DA:105,1
DA:109,1
DA:110,1
DA:125,0
LF:51
LH:46
BRDA:77,0,0,2
BRDA:79,1,0,1
BRDA:79,1,1,1
BRF:3
BRH:3
end_of_record
